<?xml version="1.0" encoding="utf-8"?><testsuites><testsuite name="pytest" errors="0" failures="0" skipped="0" tests="7" time="163.358" timestamp="2024-06-30T22:58:10.491195" hostname="DESKTOP-0HH4MA8"><testcase classname="test_0browser_generalise.TestClassFramework" name="test_method_website" time="57.744" /><testcase classname="test_1_page_object_model.TestClassFramework" name="test_method_website" time="26.142" /><testcase classname="test_5_practice_login_page.TestLoginPage" name="test_practice" time="18.901" /><testcase classname="test_7_use-diff-parameter.TestLoginPage" name="test_practice[dynamic_data0]" time="22.260" /><testcase classname="test_7_use-diff-parameter.TestLoginPage" name="test_practice[dynamic_data1]" time="7.064" /><testcase classname="test_7_using-dictionry-for-param.TestLoginPage" name="test_practice[dynamic_data0]" time="23.163" /><testcase classname="test_7_using-dictionry-for-param.TestLoginPage" name="test_practice[dynamic_data1]" time="7.872" /></testsuite></testsuites>